[INFO] Scanning for projects...
[INFO] ------------------------------------------------------------------------
[INFO] Reactor Build Order:
[INFO] 
[INFO] parent-project                                                     [pom]
[INFO] core                                                               [jar]
[INFO] service                                                            [jar]
[INFO] webapp                                                             [jar]
[INFO] 
[INFO] --------------------< com.baeldung:parent-project >---------------------
[INFO] Building parent-project 1.0-SNAPSHOT                               [1/4]
[INFO]   from pom.xml
[INFO] --------------------------------[ pom ]---------------------------------
[INFO] 
[INFO] --- clean:3.4.0:clean (default-clean) @ parent-project ---
[INFO] 
[INFO] -------------------------< com.baeldung:core >--------------------------
[INFO] Building core 1.0-SNAPSHOT                                         [2/4]
[INFO]   from core\pom.xml
[INFO] --------------------------------[ jar ]---------------------------------
[INFO] 
[INFO] --- clean:3.4.0:clean (default-clean) @ core ---
[INFO] Deleting D:\build-analyzer-cli\parent-project\core\target
[INFO] 
[INFO] --- resources:3.3.1:resources (default-resources) @ core ---
[INFO] skip non existing resourceDirectory D:\build-analyzer-cli\parent-project\core\src\main\resources
[INFO] 
[INFO] --- compiler:3.13.0:compile (default-compile) @ core ---
[INFO] Recompiling the module because of changed source code.
[INFO] Compiling 1 source file with javac [debug release 17] to target\classes
[INFO] 
[INFO] --- resources:3.3.1:testResources (default-testResources) @ core ---
[INFO] skip non existing resourceDirectory D:\build-analyzer-cli\parent-project\core\src\test\resources
[INFO] 
[INFO] --- compiler:3.13.0:testCompile (default-testCompile) @ core ---
[INFO] Recompiling the module because of changed dependency.
[INFO] Compiling 1 source file with javac [debug release 17] to target\test-classes
[INFO] 
[INFO] --- surefire:3.3.0:test (default-test) @ core ---
[INFO] Using auto detected provider org.apache.maven.surefire.junitplatform.JUnitPlatformProvider
[INFO] 
[INFO] -------------------------------------------------------
[INFO]  T E S T S
[INFO] -------------------------------------------------------
[INFO] Running com.baeldung.AppTest
[INFO] Tests run: 1, Failures: 0, Errors: 0, Skipped: 0, Time elapsed: 0.064 s -- in com.baeldung.AppTest
[INFO] 
[INFO] Results:
[INFO] 
[INFO] Tests run: 1, Failures: 0, Errors: 0, Skipped: 0
[INFO] 
[INFO] 
[INFO] --- jar:3.4.2:jar (default-jar) @ core ---
[INFO] Building jar: D:\build-analyzer-cli\parent-project\core\target\core-1.0-SNAPSHOT.jar
[INFO] 
[INFO] ------------------------< com.baeldung:service >------------------------
[INFO] Building service 1.0-SNAPSHOT                                      [3/4]
[INFO]   from service\pom.xml
[INFO] --------------------------------[ jar ]---------------------------------
[INFO] 
[INFO] --- clean:3.4.0:clean (default-clean) @ service ---
[INFO] Deleting D:\build-analyzer-cli\parent-project\service\target
[INFO] 
[INFO] --- resources:3.3.1:resources (default-resources) @ service ---
[INFO] skip non existing resourceDirectory D:\build-analyzer-cli\parent-project\service\src\main\resources
[INFO] 
[INFO] --- compiler:3.13.0:compile (default-compile) @ service ---
[INFO] Recompiling the module because of changed source code.
[INFO] Compiling 1 source file with javac [debug release 17] to target\classes
[INFO] 
[INFO] --- resources:3.3.1:testResources (default-testResources) @ service ---
[INFO] skip non existing resourceDirectory D:\build-analyzer-cli\parent-project\service\src\test\resources
[INFO] 
[INFO] --- compiler:3.13.0:testCompile (default-testCompile) @ service ---
[INFO] Recompiling the module because of changed dependency.
[INFO] Compiling 1 source file with javac [debug release 17] to target\test-classes
[INFO] 
[INFO] --- surefire:3.3.0:test (default-test) @ service ---
[INFO] Using auto detected provider org.apache.maven.surefire.junitplatform.JUnitPlatformProvider
[INFO] 
[INFO] -------------------------------------------------------
[INFO]  T E S T S
[INFO] -------------------------------------------------------
[INFO] Running com.baeldung.AppTest
[INFO] Tests run: 1, Failures: 0, Errors: 0, Skipped: 0, Time elapsed: 0.075 s -- in com.baeldung.AppTest
[INFO] 
[INFO] Results:
[INFO] 
[INFO] Tests run: 1, Failures: 0, Errors: 0, Skipped: 0
[INFO] 
[INFO] 
[INFO] --- jar:3.4.2:jar (default-jar) @ service ---
[INFO] Building jar: D:\build-analyzer-cli\parent-project\service\target\service-1.0-SNAPSHOT.jar
[INFO] 
[INFO] ------------------------< com.baeldung:webapp >-------------------------
[INFO] Building webapp 1.0-SNAPSHOT                                       [4/4]
[INFO]   from webapp\pom.xml
[INFO] --------------------------------[ jar ]---------------------------------
[INFO] 
[INFO] --- clean:3.4.0:clean (default-clean) @ webapp ---
[INFO] Deleting D:\build-analyzer-cli\parent-project\webapp\target
[INFO] 
[INFO] --- resources:3.3.1:resources (default-resources) @ webapp ---
[INFO] skip non existing resourceDirectory D:\build-analyzer-cli\parent-project\webapp\src\main\resources
[INFO] 
[INFO] --- compiler:3.13.0:compile (default-compile) @ webapp ---
[INFO] Recompiling the module because of changed source code.
[INFO] Compiling 1 source file with javac [debug release 17] to target\classes
[INFO] 
[INFO] --- resources:3.3.1:testResources (default-testResources) @ webapp ---
[INFO] skip non existing resourceDirectory D:\build-analyzer-cli\parent-project\webapp\src\test\resources
[INFO] 
[INFO] --- compiler:3.13.0:testCompile (default-testCompile) @ webapp ---
[INFO] Recompiling the module because of changed dependency.
[INFO] Compiling 1 source file with javac [debug release 17] to target\test-classes
[INFO] 
[INFO] --- surefire:3.3.0:test (default-test) @ webapp ---
[INFO] Using auto detected provider org.apache.maven.surefire.junitplatform.JUnitPlatformProvider
[INFO] 
[INFO] -------------------------------------------------------
[INFO]  T E S T S
[INFO] -------------------------------------------------------
[INFO] Running com.baeldung.AppTest
[INFO] Tests run: 1, Failures: 0, Errors: 0, Skipped: 0, Time elapsed: 0.064 s -- in com.baeldung.AppTest
[INFO] 
[INFO] Results:
[INFO] 
[INFO] Tests run: 1, Failures: 0, Errors: 0, Skipped: 0
[INFO] 
[INFO] 
[INFO] --- jar:3.4.2:jar (default-jar) @ webapp ---
[INFO] Building jar: D:\build-analyzer-cli\parent-project\webapp\target\webapp-1.0-SNAPSHOT.jar
[INFO] ------------------------------------------------------------------------
[INFO] Reactor Summary for parent-project 1.0-SNAPSHOT:
[INFO] 
[INFO] parent-project ..................................... SUCCESS [  0.247 s]
[INFO] core ............................................... SUCCESS [  4.637 s]
[INFO] service ............................................ SUCCESS [  1.648 s]
[INFO] webapp ............................................. SUCCESS [  1.548 s]
[INFO] ------------------------------------------------------------------------
[INFO] BUILD SUCCESS
[INFO] ------------------------------------------------------------------------
[INFO] Total time:  8.294 s
[INFO] Finished at: 2025-11-27T17:21:55Z
[INFO] ------------------------------------------------------------------------
